Using pre-set license
Built from '2020.2/release' branch; Version is '2020.2.1f1 (270dd8c3da1c) revision 2559448'; Using compiler version '192528614'; Build Type 'Release'
OS: 'Windows 10  (10.0.0) 64bit' Language: 'en' Physical Memory: 16320 MB
BatchMode: 1, IsHumanControllingUs: 0, StartBugReporterOnCrash: 0, Is64bit: 1, IsPro: 0

 COMMAND LINE ARGUMENTS:
D:\Unity\Editors\2020.2.1f1\Editor\Unity.exe
-adb2
-batchMode
-noUpm
-name
AssetImportWorker0
-projectPath
D:/Remy/Documents/Spring 2021/IMDM498a/Portfolio/IMDM498aPortfolio/498a Portfolio
-logFile
Logs/AssetImportWorker0.log
-srvPort
64041
Successfully changed project path to: D:/Remy/Documents/Spring 2021/IMDM498a/Portfolio/IMDM498aPortfolio/498a Portfolio
D:/Remy/Documents/Spring 2021/IMDM498a/Portfolio/IMDM498aPortfolio/498a Portfolio
Using Asset Import Pipeline V2.
Refreshing native plugins compatible for Editor in 37.29 ms, found 0 plugins.
Preloading 0 native plugins for Editor in 0.00 ms.
Initialize engine version: 2020.2.1f1 (270dd8c3da1c)
[Subsystems] Discovering subsystems at path D:/Unity/Editors/2020.2.1f1/Editor/Data/Resources/UnitySubsystems
[Subsystems] Discovering subsystems at path D:/Remy/Documents/Spring 2021/IMDM498a/Portfolio/IMDM498aPortfolio/498a Portfolio/Assets
GfxDevice: creating device client; threaded=0
Direct3D:
    Version:  Direct3D 11.0 [level 11.1]
    Renderer: NVIDIA GeForce GTX 1060 3GB (ID=0x1c02)
    Vendor:   
    VRAM:     2988 MB
    Driver:   27.21.14.6589
Initialize mono
Mono path[0] = 'D:/Unity/Editors/2020.2.1f1/Editor/Data/Managed'
Mono path[1] = 'D:/Unity/Editors/2020.2.1f1/Editor/Data/MonoBleedingEdge/lib/mono/unityjit'
Mono config path = 'D:/Unity/Editors/2020.2.1f1/Editor/Data/MonoBleedingEdge/etc'
Using monoOptions --debugger-agent=transport=dt_socket,embedding=1,server=y,suspend=n,address=127.0.0.1:56396
Begin MonoManager ReloadAssembly
Registering precompiled unity dll's ...
Register platform support module: D:/Unity/Editors/2020.2.1f1/Editor/Data/PlaybackEngines/MacStandaloneSupport/UnityEditor.OSXStandalone.Extensions.dll
Register platform support module: D:/Unity/Editors/2020.2.1f1/Editor/Data/PlaybackEngines/WindowsStandaloneSupport/UnityEditor.WindowsStandalone.Extensions.dll
Registered in 0.004749 seconds.
Native extension for WindowsStandalone target not found
Native extension for OSXStandalone target not found
Refreshing native plugins compatible for Editor in 33.59 ms, found 0 plugins.
Preloading 0 native plugins for Editor in 0.00 ms.
Invoked RoslynAnalysisRunner static constructor.
RoslynAnalysisRunner will not be running.
RoslynAnalysisRunner has terminated.
Mono: successfully reloaded assembly
- Completed reload, in  2.553 seconds
Platform modules already initialized, skipping
Registering precompiled user dll's ...
Registered in 0.001231 seconds.
Begin MonoManager ReloadAssembly
Native extension for WindowsStandalone target not found
Native extension for OSXStandalone target not found
Refreshing native plugins compatible for Editor in 0.35 ms, found 0 plugins.
Preloading 0 native plugins for Editor in 0.00 ms.
Invoked RoslynAnalysisRunner static constructor.
RoslynAnalysisRunner will not be running.
RoslynAnalysisRunner has terminated.
Mono: successfully reloaded assembly
- Completed reload, in  0.917 seconds
Platform modules already initialized, skipping
========================================================================
Worker process is ready to serve import requests
Launched and connected shader compiler UnityShaderCompiler.exe after 0.05 seconds
Refreshing native plugins compatible for Editor in 0.35 ms, found 0 plugins.
Preloading 0 native plugins for Editor in 0.00 ms.
Unloading 1505 Unused Serialized files (Serialized files now loaded: 0)
System memory in use before: 77.7 MB.
System memory in use after: 77.7 MB.

Unloading 12 unused Assets to reduce memory usage. Loaded Objects now: 1959.
Total: 2.038900 ms (FindLiveObjects: 0.173800 ms CreateObjectMapping: 0.056400 ms MarkObjects: 1.717200 ms  DeleteObjects: 0.090300 ms)

========================================================================
Received Import Request.
  path: Assets/Scenes/ARFishTank.unity
  artifactKey: Guid(02c6af9e418382b4dac4815442fbfb74) Importer(815301076,1909f56bfc062723c751e8b465ee728b)
Start importing Assets/Scenes/ARFishTank.unity using Guid(02c6af9e418382b4dac4815442fbfb74) Importer(815301076,1909f56bfc062723c751e8b465ee728b)  -> (artifact id: '7117cc4e288e417ff28348baa6401a37') in 0.054918 seconds
  Import took 0.057252 seconds .

========================================================================
Received Import Request.
  Time since last request: 2.232522 seconds.
  path: Assets/Sprites/FishFinder.png
  artifactKey: Guid(f5092f65201886c48b694c7997cb23e4) Importer(815301076,1909f56bfc062723c751e8b465ee728b)
Start importing Assets/Sprites/FishFinder.png using Guid(f5092f65201886c48b694c7997cb23e4) Importer(815301076,1909f56bfc062723c751e8b465ee728b)  -> (artifact id: '0ec6a15b73849c7d97f465cae9811135') in 0.195765 seconds
  Import took 0.198331 seconds .

========================================================================
Received Import Request.
  Time since last request: 0.000277 seconds.
  path: Assets/Sprites/FishTank.png
  artifactKey: Guid(f4ba40d3a621e5846a92d23ada134332) Importer(815301076,1909f56bfc062723c751e8b465ee728b)
Start importing Assets/Sprites/FishTank.png using Guid(f4ba40d3a621e5846a92d23ada134332) Importer(815301076,1909f56bfc062723c751e8b465ee728b)  -> (artifact id: 'ccc61dd1d2a9735e3231f45580657a47') in 0.031119 seconds
  Import took 0.033459 seconds .

========================================================================
Received Import Request.
  Time since last request: 0.003109 seconds.
  path: Assets/Sprites/FishTank.png
  artifactKey: Guid(f4ba40d3a621e5846a92d23ada134332) Importer(815301076,1909f56bfc062723c751e8b465ee728b)
Start importing Assets/Sprites/FishTank.png using Guid(f4ba40d3a621e5846a92d23ada134332) Importer(815301076,1909f56bfc062723c751e8b465ee728b)  -> (artifact id: 'ccc61dd1d2a9735e3231f45580657a47') in 0.053818 seconds
  Import took 0.056320 seconds .

========================================================================
Received Import Request.
  Time since last request: 35.761382 seconds.
  path: Assets/Sprites/Info Brochure - no buttons.png
  artifactKey: Guid(ab3229e6ad8aaf542a58d5d9e26799cb) Importer(815301076,1909f56bfc062723c751e8b465ee728b)
Start importing Assets/Sprites/Info Brochure - no buttons.png using Guid(ab3229e6ad8aaf542a58d5d9e26799cb) Importer(815301076,1909f56bfc062723c751e8b465ee728b)  -> (artifact id: '676e81fef9a334756e5d63a704742d11') in 0.118177 seconds
  Import took 0.120578 seconds .

========================================================================
Received Import Request.
  Time since last request: 0.065850 seconds.
  path: Assets/Sprites/Info Brochure - no buttons.png
  artifactKey: Guid(ab3229e6ad8aaf542a58d5d9e26799cb) Importer(815301076,1909f56bfc062723c751e8b465ee728b)
Start importing Assets/Sprites/Info Brochure - no buttons.png using Guid(ab3229e6ad8aaf542a58d5d9e26799cb) Importer(815301076,1909f56bfc062723c751e8b465ee728b)  -> (artifact id: '676e81fef9a334756e5d63a704742d11') in 0.062079 seconds
  Import took 0.064744 seconds .

========================================================================
Received Import Request.
  Time since last request: 19.818112 seconds.
  path: Assets/Sprites/Info Brochure - no buttons.png
  artifactKey: Guid(ab3229e6ad8aaf542a58d5d9e26799cb) Importer(815301076,1909f56bfc062723c751e8b465ee728b)
Start importing Assets/Sprites/Info Brochure - no buttons.png using Guid(ab3229e6ad8aaf542a58d5d9e26799cb) Importer(815301076,1909f56bfc062723c751e8b465ee728b)  -> (artifact id: '22a71dae57daf78693799c7aef2411d4') in 0.070213 seconds
  Import took 0.072820 seconds .

========================================================================
Received Import Request.
  Time since last request: 0.005669 seconds.
  path: Assets/Sprites/Info Brochure - no buttons.png
  artifactKey: Guid(ab3229e6ad8aaf542a58d5d9e26799cb) Importer(815301076,1909f56bfc062723c751e8b465ee728b)
Start importing Assets/Sprites/Info Brochure - no buttons.png using Guid(ab3229e6ad8aaf542a58d5d9e26799cb) Importer(815301076,1909f56bfc062723c751e8b465ee728b)  -> (artifact id: '22a71dae57daf78693799c7aef2411d4') in 0.032200 seconds
  Import took 0.034696 seconds .

========================================================================
Received Import Request.
  Time since last request: 22.936081 seconds.
  path: Assets/Sprites/Info Brochure - no buttons.png
  artifactKey: Guid(ab3229e6ad8aaf542a58d5d9e26799cb) Importer(815301076,1909f56bfc062723c751e8b465ee728b)
Start importing Assets/Sprites/Info Brochure - no buttons.png using Guid(ab3229e6ad8aaf542a58d5d9e26799cb) Importer(815301076,1909f56bfc062723c751e8b465ee728b)  -> (artifact id: 'b22aa4118f10ac48bbc9d54fe23a7ead') in 0.077410 seconds
  Import took 0.079969 seconds .

========================================================================
Received Prepare
Registering precompiled user dll's ...
Registered in 0.001287 seconds.
Begin MonoManager ReloadAssembly
Native extension for WindowsStandalone target not found
Native extension for OSXStandalone target not found
Refreshing native plugins compatible for Editor in 0.35 ms, found 0 plugins.
Preloading 0 native plugins for Editor in 0.00 ms.
Invoked RoslynAnalysisRunner static constructor.
RoslynAnalysisRunner will not be running.
RoslynAnalysisRunner has terminated.
Mono: successfully reloaded assembly
- Completed reload, in  0.883 seconds
Platform modules already initialized, skipping
Refreshing native plugins compatible for Editor in 0.35 ms, found 0 plugins.
Preloading 0 native plugins for Editor in 0.00 ms.
Unloading 1480 Unused Serialized files (Serialized files now loaded: 0)
System memory in use before: 78.8 MB.
System memory in use after: 78.8 MB.

Unloading 7 unused Assets to reduce memory usage. Loaded Objects now: 1972.
Total: 1.716400 ms (FindLiveObjects: 0.143500 ms CreateObjectMapping: 0.045900 ms MarkObjects: 1.430400 ms  DeleteObjects: 0.095600 ms)

========================================================================
Received Prepare
Refreshing native plugins compatible for Editor in 1.27 ms, found 0 plugins.
Preloading 0 native plugins for Editor in 0.00 ms.
Unloading 7 Unused Serialized files (Serialized files now loaded: 0)
System memory in use before: 50.3 MB.
System memory in use after: 50.4 MB.

Unloading 3 unused Assets to reduce memory usage. Loaded Objects now: 1973.
Total: 1.821100 ms (FindLiveObjects: 0.182200 ms CreateObjectMapping: 0.055500 ms MarkObjects: 1.524700 ms  DeleteObjects: 0.057000 ms)

AssetImportWorkerClient::OnTransportError - code=2 error=End of file
