Using pre-set license
Built from '2020.2/release' branch; Version is '2020.2.1f1 (270dd8c3da1c) revision 2559448'; Using compiler version '192528614'; Build Type 'Release'
OS: 'Windows 10  (10.0.0) 64bit' Language: 'en' Physical Memory: 16320 MB
BatchMode: 1, IsHumanControllingUs: 0, StartBugReporterOnCrash: 0, Is64bit: 1, IsPro: 0

 COMMAND LINE ARGUMENTS:
D:\Unity\Editors\2020.2.1f1\Editor\Unity.exe
-adb2
-batchMode
-noUpm
-name
AssetImportWorker1
-projectPath
D:/Remy/Documents/Spring 2021/IMDM498a/Portfolio/IMDM498aPortfolio/498a Portfolio
-logFile
Logs/AssetImportWorker1.log
-srvPort
51548
Successfully changed project path to: D:/Remy/Documents/Spring 2021/IMDM498a/Portfolio/IMDM498aPortfolio/498a Portfolio
D:/Remy/Documents/Spring 2021/IMDM498a/Portfolio/IMDM498aPortfolio/498a Portfolio
Using Asset Import Pipeline V2.
Refreshing native plugins compatible for Editor in 40.97 ms, found 0 plugins.
Preloading 0 native plugins for Editor in 0.00 ms.
Initialize engine version: 2020.2.1f1 (270dd8c3da1c)
[Subsystems] Discovering subsystems at path D:/Unity/Editors/2020.2.1f1/Editor/Data/Resources/UnitySubsystems
[Subsystems] Discovering subsystems at path D:/Remy/Documents/Spring 2021/IMDM498a/Portfolio/IMDM498aPortfolio/498a Portfolio/Assets
GfxDevice: creating device client; threaded=0
Direct3D:
    Version:  Direct3D 11.0 [level 11.1]
    Renderer: NVIDIA GeForce GTX 1060 3GB (ID=0x1c02)
    Vendor:   
    VRAM:     2988 MB
    Driver:   27.21.14.6589
Initialize mono
Mono path[0] = 'D:/Unity/Editors/2020.2.1f1/Editor/Data/Managed'
Mono path[1] = 'D:/Unity/Editors/2020.2.1f1/Editor/Data/MonoBleedingEdge/lib/mono/unityjit'
Mono config path = 'D:/Unity/Editors/2020.2.1f1/Editor/Data/MonoBleedingEdge/etc'
Using monoOptions --debugger-agent=transport=dt_socket,embedding=1,server=y,suspend=n,address=127.0.0.1:56764
Begin MonoManager ReloadAssembly
Registering precompiled unity dll's ...
Register platform support module: D:/Unity/Editors/2020.2.1f1/Editor/Data/PlaybackEngines/MacStandaloneSupport/UnityEditor.OSXStandalone.Extensions.dll
Register platform support module: D:/Unity/Editors/2020.2.1f1/Editor/Data/PlaybackEngines/WindowsStandaloneSupport/UnityEditor.WindowsStandalone.Extensions.dll
Registered in 0.001359 seconds.
Native extension for WindowsStandalone target not found
Native extension for OSXStandalone target not found
Refreshing native plugins compatible for Editor in 34.28 ms, found 0 plugins.
Preloading 0 native plugins for Editor in 0.00 ms.
Invoked RoslynAnalysisRunner static constructor.
RoslynAnalysisRunner will not be running.
RoslynAnalysisRunner has terminated.
Mono: successfully reloaded assembly
- Completed reload, in  5.499 seconds
Platform modules already initialized, skipping
Registering precompiled user dll's ...
Registered in 0.000796 seconds.
Begin MonoManager ReloadAssembly
Native extension for WindowsStandalone target not found
Native extension for OSXStandalone target not found
Refreshing native plugins compatible for Editor in 0.42 ms, found 0 plugins.
Preloading 0 native plugins for Editor in 0.00 ms.
Invoked RoslynAnalysisRunner static constructor.
RoslynAnalysisRunner will not be running.
RoslynAnalysisRunner has terminated.
Mono: successfully reloaded assembly
- Completed reload, in  1.020 seconds
Platform modules already initialized, skipping
========================================================================
Worker process is ready to serve import requests
Launched and connected shader compiler UnityShaderCompiler.exe after 0.05 seconds
Refreshing native plugins compatible for Editor in 0.35 ms, found 0 plugins.
Preloading 0 native plugins for Editor in 0.00 ms.
Unloading 1469 Unused Serialized files (Serialized files now loaded: 0)
System memory in use before: 76.5 MB.
System memory in use after: 76.5 MB.

Unloading 12 unused Assets to reduce memory usage. Loaded Objects now: 1923.
Total: 3.501800 ms (FindLiveObjects: 0.564900 ms CreateObjectMapping: 0.261900 ms MarkObjects: 2.571300 ms  DeleteObjects: 0.101900 ms)

========================================================================
Received Import Request.
  path: Assets/Prefabs/GamePrefabs/Giftbox_03_Purple.prefab
  artifactKey: Guid(57085bac83952784f91e74178597d0c4) Importer(815301076,1909f56bfc062723c751e8b465ee728b)
Start importing Assets/Prefabs/GamePrefabs/Giftbox_03_Purple.prefab using Guid(57085bac83952784f91e74178597d0c4) Importer(815301076,1909f56bfc062723c751e8b465ee728b)  -> (artifact id: 'de27819750610ac5fb4745e8f725e729') in 0.156712 seconds
  Import took 0.159553 seconds .

========================================================================
Received Import Request.
  Time since last request: 0.549630 seconds.
  path: Assets/Prefabs/GamePrefabs/Giftbox_03_Purple.prefab
  artifactKey: Guid(57085bac83952784f91e74178597d0c4) Importer(815301076,1909f56bfc062723c751e8b465ee728b)
Start importing Assets/Prefabs/GamePrefabs/Giftbox_03_Purple.prefab using Guid(57085bac83952784f91e74178597d0c4) Importer(815301076,1909f56bfc062723c751e8b465ee728b)  -> (artifact id: 'de27819750610ac5fb4745e8f725e729') in 0.030440 seconds
  Import took 0.032922 seconds .

========================================================================
Received Prepare
Registering precompiled user dll's ...
Registered in 0.000770 seconds.
Begin MonoManager ReloadAssembly
Native extension for WindowsStandalone target not found
Native extension for OSXStandalone target not found
Refreshing native plugins compatible for Editor in 0.36 ms, found 0 plugins.
Preloading 0 native plugins for Editor in 0.00 ms.
Invoked RoslynAnalysisRunner static constructor.
RoslynAnalysisRunner will not be running.
RoslynAnalysisRunner has terminated.
Mono: successfully reloaded assembly
- Completed reload, in  0.936 seconds
Platform modules already initialized, skipping
Refreshing native plugins compatible for Editor in 0.35 ms, found 0 plugins.
Preloading 0 native plugins for Editor in 0.00 ms.
Unloading 1444 Unused Serialized files (Serialized files now loaded: 0)
System memory in use before: 77.8 MB.
System memory in use after: 77.8 MB.

Unloading 7 unused Assets to reduce memory usage. Loaded Objects now: 1934.
Total: 1.843600 ms (FindLiveObjects: 0.208700 ms CreateObjectMapping: 0.063900 ms MarkObjects: 1.506800 ms  DeleteObjects: 0.062500 ms)

========================================================================
Received Prepare
Registering precompiled user dll's ...
Registered in 0.000827 seconds.
Begin MonoManager ReloadAssembly
Native extension for WindowsStandalone target not found
Native extension for OSXStandalone target not found
Refreshing native plugins compatible for Editor in 0.35 ms, found 0 plugins.
Preloading 0 native plugins for Editor in 0.00 ms.
Invoked RoslynAnalysisRunner static constructor.
RoslynAnalysisRunner will not be running.
RoslynAnalysisRunner has terminated.
Mono: successfully reloaded assembly
- Completed reload, in  0.937 seconds
Platform modules already initialized, skipping
Refreshing native plugins compatible for Editor in 0.34 ms, found 0 plugins.
Preloading 0 native plugins for Editor in 0.00 ms.
Unloading 1445 Unused Serialized files (Serialized files now loaded: 0)
System memory in use before: 78.8 MB.
System memory in use after: 78.9 MB.

Unloading 7 unused Assets to reduce memory usage. Loaded Objects now: 1938.
Total: 5.592700 ms (FindLiveObjects: 0.544000 ms CreateObjectMapping: 0.430100 ms MarkObjects: 4.549300 ms  DeleteObjects: 0.067200 ms)

========================================================================
Received Prepare
Registering precompiled user dll's ...
Registered in 0.000920 seconds.
Begin MonoManager ReloadAssembly
Native extension for WindowsStandalone target not found
Native extension for OSXStandalone target not found
Refreshing native plugins compatible for Editor in 0.35 ms, found 0 plugins.
Preloading 0 native plugins for Editor in 0.00 ms.
Invoked RoslynAnalysisRunner static constructor.
RoslynAnalysisRunner will not be running.
RoslynAnalysisRunner has terminated.
Mono: successfully reloaded assembly
- Completed reload, in  0.965 seconds
Platform modules already initialized, skipping
Refreshing native plugins compatible for Editor in 0.35 ms, found 0 plugins.
Preloading 0 native plugins for Editor in 0.00 ms.
Unloading 1445 Unused Serialized files (Serialized files now loaded: 0)
System memory in use before: 78.8 MB.
System memory in use after: 78.9 MB.

Unloading 7 unused Assets to reduce memory usage. Loaded Objects now: 1942.
Total: 1.760600 ms (FindLiveObjects: 0.165100 ms CreateObjectMapping: 0.052000 ms MarkObjects: 1.478600 ms  DeleteObjects: 0.063700 ms)

========================================================================
Received Prepare
Registering precompiled user dll's ...
Registered in 0.001084 seconds.
Begin MonoManager ReloadAssembly
Native extension for WindowsStandalone target not found
Native extension for OSXStandalone target not found
Refreshing native plugins compatible for Editor in 0.40 ms, found 0 plugins.
Preloading 0 native plugins for Editor in 0.00 ms.
Invoked RoslynAnalysisRunner static constructor.
RoslynAnalysisRunner will not be running.
RoslynAnalysisRunner has terminated.
Mono: successfully reloaded assembly
- Completed reload, in  0.872 seconds
Platform modules already initialized, skipping
Refreshing native plugins compatible for Editor in 0.47 ms, found 0 plugins.
Preloading 0 native plugins for Editor in 0.00 ms.
Unloading 1445 Unused Serialized files (Serialized files now loaded: 0)
System memory in use before: 78.8 MB.
System memory in use after: 78.9 MB.

Unloading 7 unused Assets to reduce memory usage. Loaded Objects now: 1946.
Total: 1.880600 ms (FindLiveObjects: 0.170100 ms CreateObjectMapping: 0.051900 ms MarkObjects: 1.588300 ms  DeleteObjects: 0.068800 ms)

========================================================================
Received Prepare
Registering precompiled user dll's ...
Registered in 0.000778 seconds.
Begin MonoManager ReloadAssembly
Native extension for WindowsStandalone target not found
Native extension for OSXStandalone target not found
Refreshing native plugins compatible for Editor in 0.39 ms, found 0 plugins.
Preloading 0 native plugins for Editor in 0.00 ms.
Invoked RoslynAnalysisRunner static constructor.
RoslynAnalysisRunner will not be running.
RoslynAnalysisRunner has terminated.
Mono: successfully reloaded assembly
- Completed reload, in  0.888 seconds
Platform modules already initialized, skipping
Refreshing native plugins compatible for Editor in 0.38 ms, found 0 plugins.
Preloading 0 native plugins for Editor in 0.00 ms.
Unloading 1445 Unused Serialized files (Serialized files now loaded: 0)
System memory in use before: 78.7 MB.
System memory in use after: 78.8 MB.

Unloading 7 unused Assets to reduce memory usage. Loaded Objects now: 1950.
Total: 7.424700 ms (FindLiveObjects: 5.070500 ms CreateObjectMapping: 0.085700 ms MarkObjects: 2.144500 ms  DeleteObjects: 0.122000 ms)

========================================================================
Received Prepare
Registering precompiled user dll's ...
Registered in 0.000765 seconds.
Begin MonoManager ReloadAssembly
Native extension for WindowsStandalone target not found
Native extension for OSXStandalone target not found
Refreshing native plugins compatible for Editor in 0.35 ms, found 0 plugins.
Preloading 0 native plugins for Editor in 0.00 ms.
Invoked RoslynAnalysisRunner static constructor.
RoslynAnalysisRunner will not be running.
RoslynAnalysisRunner has terminated.
Mono: successfully reloaded assembly
- Completed reload, in  0.836 seconds
Platform modules already initialized, skipping
Refreshing native plugins compatible for Editor in 2.33 ms, found 0 plugins.
Preloading 0 native plugins for Editor in 0.00 ms.
Unloading 1445 Unused Serialized files (Serialized files now loaded: 0)
System memory in use before: 78.8 MB.
System memory in use after: 78.9 MB.

Unloading 7 unused Assets to reduce memory usage. Loaded Objects now: 1954.
Total: 3.451200 ms (FindLiveObjects: 0.218000 ms CreateObjectMapping: 0.072800 ms MarkObjects: 3.059100 ms  DeleteObjects: 0.098800 ms)

========================================================================
Received Prepare
Registering precompiled user dll's ...
Registered in 0.000775 seconds.
Begin MonoManager ReloadAssembly
Native extension for WindowsStandalone target not found
Native extension for OSXStandalone target not found
Refreshing native plugins compatible for Editor in 0.68 ms, found 0 plugins.
Preloading 0 native plugins for Editor in 0.00 ms.
Invoked RoslynAnalysisRunner static constructor.
RoslynAnalysisRunner will not be running.
RoslynAnalysisRunner has terminated.
Mono: successfully reloaded assembly
- Completed reload, in  0.907 seconds
Platform modules already initialized, skipping
Refreshing native plugins compatible for Editor in 0.35 ms, found 0 plugins.
Preloading 0 native plugins for Editor in 0.00 ms.
Unloading 1445 Unused Serialized files (Serialized files now loaded: 0)
System memory in use before: 78.9 MB.
System memory in use after: 78.9 MB.

Unloading 7 unused Assets to reduce memory usage. Loaded Objects now: 1958.
Total: 2.724600 ms (FindLiveObjects: 0.423400 ms CreateObjectMapping: 0.111600 ms MarkObjects: 2.122000 ms  DeleteObjects: 0.066700 ms)

========================================================================
Received Import Request.
  Time since last request: 364.787710 seconds.
  path: Assets/Prefabs/GamePrefabs/Var2_LOD0.prefab
  artifactKey: Guid(314d0908c3b44144cb45a8d2c0b7e112) Importer(815301076,1909f56bfc062723c751e8b465ee728b)
Start importing Assets/Prefabs/GamePrefabs/Var2_LOD0.prefab using Guid(314d0908c3b44144cb45a8d2c0b7e112) Importer(815301076,1909f56bfc062723c751e8b465ee728b)  -> (artifact id: '459c0de2ddf2d8424e4d3e25926df3a3') in 0.134909 seconds
  Import took 0.138273 seconds .

========================================================================
Received Import Request.
  Time since last request: 20.386644 seconds.
  path: Assets/Prefabs/GamePrefabs/BottleOfWater.prefab
  artifactKey: Guid(947ee2b3f39eb4345a4ed98a983422ec) Importer(815301076,1909f56bfc062723c751e8b465ee728b)
Start importing Assets/Prefabs/GamePrefabs/BottleOfWater.prefab using Guid(947ee2b3f39eb4345a4ed98a983422ec) Importer(815301076,1909f56bfc062723c751e8b465ee728b)  -> (artifact id: '789ba7d58eb322d015d2121594b0ee5f') in 0.032510 seconds
  Import took 0.035785 seconds .

========================================================================
Received Import Request.
  Time since last request: 1.355346 seconds.
  path: Assets/Prefabs/GamePrefabs/Bottle2.prefab
  artifactKey: Guid(3fe54815367c38646b2833edd024e428) Importer(815301076,1909f56bfc062723c751e8b465ee728b)
Start importing Assets/Prefabs/GamePrefabs/Bottle2.prefab using Guid(3fe54815367c38646b2833edd024e428) Importer(815301076,1909f56bfc062723c751e8b465ee728b)  -> (artifact id: '842090bc7e8af35232b44daf180857e1') in 0.034911 seconds
  Import took 0.038135 seconds .

========================================================================
Received Prepare
Registering precompiled user dll's ...
Registered in 0.000919 seconds.
Begin MonoManager ReloadAssembly
Native extension for WindowsStandalone target not found
Native extension for OSXStandalone target not found
Refreshing native plugins compatible for Editor in 0.45 ms, found 0 plugins.
Preloading 0 native plugins for Editor in 0.00 ms.
Invoked RoslynAnalysisRunner static constructor.
RoslynAnalysisRunner will not be running.
RoslynAnalysisRunner has terminated.
Mono: successfully reloaded assembly
- Completed reload, in  1.246 seconds
Platform modules already initialized, skipping
Refreshing native plugins compatible for Editor in 0.36 ms, found 0 plugins.
Preloading 0 native plugins for Editor in 0.00 ms.
Unloading 1445 Unused Serialized files (Serialized files now loaded: 0)
System memory in use before: 78.9 MB.
System memory in use after: 78.9 MB.

Unloading 7 unused Assets to reduce memory usage. Loaded Objects now: 1963.
Total: 1.601500 ms (FindLiveObjects: 0.151100 ms CreateObjectMapping: 0.046400 ms MarkObjects: 1.341600 ms  DeleteObjects: 0.061300 ms)

========================================================================
Received Prepare
Registering precompiled user dll's ...
Registered in 0.001047 seconds.
Begin MonoManager ReloadAssembly
Native extension for WindowsStandalone target not found
Native extension for OSXStandalone target not found
Refreshing native plugins compatible for Editor in 0.47 ms, found 0 plugins.
Preloading 0 native plugins for Editor in 0.00 ms.
Invoked RoslynAnalysisRunner static constructor.
RoslynAnalysisRunner will not be running.
RoslynAnalysisRunner has terminated.
Mono: successfully reloaded assembly
- Completed reload, in  0.906 seconds
Platform modules already initialized, skipping
Refreshing native plugins compatible for Editor in 0.35 ms, found 0 plugins.
Preloading 0 native plugins for Editor in 0.00 ms.
Unloading 1445 Unused Serialized files (Serialized files now loaded: 0)
System memory in use before: 78.9 MB.
System memory in use after: 78.9 MB.

Unloading 7 unused Assets to reduce memory usage. Loaded Objects now: 1967.
Total: 3.001000 ms (FindLiveObjects: 0.449100 ms CreateObjectMapping: 0.083200 ms MarkObjects: 2.393600 ms  DeleteObjects: 0.073400 ms)

========================================================================
Received Import Request.
  Time since last request: 334.336656 seconds.
  path: Assets/Scripts/NewBehaviourScript.cs
  artifactKey: Guid(c23df406f0e88664b99f719a5e4d600b) Importer(815301076,1909f56bfc062723c751e8b465ee728b)
Start importing Assets/Scripts/NewBehaviourScript.cs using Guid(c23df406f0e88664b99f719a5e4d600b) Importer(815301076,1909f56bfc062723c751e8b465ee728b)  -> (artifact id: '687431b4e2b301f7c1f9a76e67d0fd18') in 0.032584 seconds
  Import took 0.035862 seconds .

========================================================================
Received Prepare
Registering precompiled user dll's ...
Registered in 0.004377 seconds.
Begin MonoManager ReloadAssembly
Native extension for WindowsStandalone target not found
Native extension for OSXStandalone target not found
Refreshing native plugins compatible for Editor in 0.39 ms, found 0 plugins.
Preloading 0 native plugins for Editor in 0.00 ms.
Invoked RoslynAnalysisRunner static constructor.
RoslynAnalysisRunner will not be running.
RoslynAnalysisRunner has terminated.
Mono: successfully reloaded assembly
- Completed reload, in  0.976 seconds
Platform modules already initialized, skipping
Refreshing native plugins compatible for Editor in 1.52 ms, found 0 plugins.
Preloading 0 native plugins for Editor in 0.00 ms.
Unloading 1446 Unused Serialized files (Serialized files now loaded: 0)
System memory in use before: 78.8 MB.
System memory in use after: 78.9 MB.

Unloading 7 unused Assets to reduce memory usage. Loaded Objects now: 1972.
Total: 1.687100 ms (FindLiveObjects: 0.148900 ms CreateObjectMapping: 0.045300 ms MarkObjects: 1.430500 ms  DeleteObjects: 0.061300 ms)

========================================================================
Received Import Request.
  Time since last request: 4.489910 seconds.
  path: Assets/Scripts/WanderBehaviour.cs
  artifactKey: Guid(242bcce0ebe85d6459a5f9de926cf6a0) Importer(815301076,1909f56bfc062723c751e8b465ee728b)
Start importing Assets/Scripts/WanderBehaviour.cs using Guid(242bcce0ebe85d6459a5f9de926cf6a0) Importer(815301076,1909f56bfc062723c751e8b465ee728b)  -> (artifact id: 'a0b8c1d1b8ad9417de34f11aeb0e5a0b') in 0.026272 seconds
  Import took 0.028748 seconds .

========================================================================
Received Prepare
Registering precompiled user dll's ...
Registered in 0.000873 seconds.
Begin MonoManager ReloadAssembly
Native extension for WindowsStandalone target not found
Native extension for OSXStandalone target not found
Refreshing native plugins compatible for Editor in 0.35 ms, found 0 plugins.
Preloading 0 native plugins for Editor in 0.00 ms.
Invoked RoslynAnalysisRunner static constructor.
RoslynAnalysisRunner will not be running.
RoslynAnalysisRunner has terminated.
Mono: successfully reloaded assembly
- Completed reload, in  0.988 seconds
Platform modules already initialized, skipping
Refreshing native plugins compatible for Editor in 0.37 ms, found 0 plugins.
Preloading 0 native plugins for Editor in 0.00 ms.
Unloading 1445 Unused Serialized files (Serialized files now loaded: 0)
System memory in use before: 78.9 MB.
System memory in use after: 79.0 MB.

Unloading 8 unused Assets to reduce memory usage. Loaded Objects now: 1975.
Total: 1.949600 ms (FindLiveObjects: 0.177700 ms CreateObjectMapping: 0.058200 ms MarkObjects: 1.639000 ms  DeleteObjects: 0.073600 ms)

========================================================================
Received Import Request.
  Time since last request: 13.791059 seconds.
  path: Assets/Scripts/TrashBin.cs
  artifactKey: Guid(e133b9feefbc72148bb17ccc0f11fdbb) Importer(815301076,1909f56bfc062723c751e8b465ee728b)
Start importing Assets/Scripts/TrashBin.cs using Guid(e133b9feefbc72148bb17ccc0f11fdbb) Importer(815301076,1909f56bfc062723c751e8b465ee728b)  -> (artifact id: '5baf7e7f86254256feb71cbf7f6894a2') in 0.026721 seconds
  Import took 0.031310 seconds .

========================================================================
Received Prepare
Registering precompiled user dll's ...
Registered in 0.009028 seconds.
Begin MonoManager ReloadAssembly
Native extension for WindowsStandalone target not found
Native extension for OSXStandalone target not found
Refreshing native plugins compatible for Editor in 0.41 ms, found 0 plugins.
Preloading 0 native plugins for Editor in 0.00 ms.
Invoked RoslynAnalysisRunner static constructor.
RoslynAnalysisRunner will not be running.
RoslynAnalysisRunner has terminated.
Mono: successfully reloaded assembly
- Completed reload, in  0.869 seconds
Platform modules already initialized, skipping
Refreshing native plugins compatible for Editor in 0.35 ms, found 0 plugins.
Preloading 0 native plugins for Editor in 0.00 ms.
Unloading 1446 Unused Serialized files (Serialized files now loaded: 0)
System memory in use before: 78.9 MB.
System memory in use after: 79.0 MB.

Unloading 7 unused Assets to reduce memory usage. Loaded Objects now: 1980.
Total: 2.814800 ms (FindLiveObjects: 1.004200 ms CreateObjectMapping: 0.132000 ms MarkObjects: 1.604600 ms  DeleteObjects: 0.072300 ms)

========================================================================
Received Prepare
Registering precompiled user dll's ...
Registered in 0.000787 seconds.
Begin MonoManager ReloadAssembly
Native extension for WindowsStandalone target not found
Native extension for OSXStandalone target not found
Refreshing native plugins compatible for Editor in 0.35 ms, found 0 plugins.
Preloading 0 native plugins for Editor in 0.00 ms.
Invoked RoslynAnalysisRunner static constructor.
RoslynAnalysisRunner will not be running.
RoslynAnalysisRunner has terminated.
Mono: successfully reloaded assembly
- Completed reload, in  0.949 seconds
Platform modules already initialized, skipping
Refreshing native plugins compatible for Editor in 0.35 ms, found 0 plugins.
Preloading 0 native plugins for Editor in 0.00 ms.
Unloading 1446 Unused Serialized files (Serialized files now loaded: 0)
System memory in use before: 78.9 MB.
System memory in use after: 79.0 MB.

Unloading 7 unused Assets to reduce memory usage. Loaded Objects now: 1984.
Total: 2.877000 ms (FindLiveObjects: 0.416900 ms CreateObjectMapping: 0.135600 ms MarkObjects: 2.253100 ms  DeleteObjects: 0.069700 ms)

========================================================================
Received Import Request.
  Time since last request: 96.850705 seconds.
  path: Assets/Scripts/TrashBin.cs
  artifactKey: Guid(e133b9feefbc72148bb17ccc0f11fdbb) Importer(815301076,1909f56bfc062723c751e8b465ee728b)
Start importing Assets/Scripts/TrashBin.cs using Guid(e133b9feefbc72148bb17ccc0f11fdbb) Importer(815301076,1909f56bfc062723c751e8b465ee728b)  -> (artifact id: '987783110e4588432bca388885d21249') in 0.024299 seconds
  Import took 0.026802 seconds .

========================================================================
Received Import Request.
  Time since last request: 38.657815 seconds.
  path: Assets/Prefabs/GamePrefabs/Garbage_Can_Green.prefab
  artifactKey: Guid(d575f5f7921f3134eb46e803bc0d1207) Importer(815301076,1909f56bfc062723c751e8b465ee728b)
Start importing Assets/Prefabs/GamePrefabs/Garbage_Can_Green.prefab using Guid(d575f5f7921f3134eb46e803bc0d1207) Importer(815301076,1909f56bfc062723c751e8b465ee728b)  -> (artifact id: 'ab2a448cc4c0ddd38e2eccdd211e3981') in 0.094773 seconds
  Import took 0.098419 seconds .

========================================================================
Received Prepare
Registering precompiled user dll's ...
Registered in 0.000770 seconds.
Begin MonoManager ReloadAssembly
Native extension for WindowsStandalone target not found
Native extension for OSXStandalone target not found
Refreshing native plugins compatible for Editor in 0.34 ms, found 0 plugins.
Preloading 0 native plugins for Editor in 0.00 ms.
Invoked RoslynAnalysisRunner static constructor.
RoslynAnalysisRunner will not be running.
RoslynAnalysisRunner has terminated.
Mono: successfully reloaded assembly
- Completed reload, in  0.931 seconds
Platform modules already initialized, skipping
Refreshing native plugins compatible for Editor in 0.34 ms, found 0 plugins.
Preloading 0 native plugins for Editor in 0.00 ms.
Unloading 1446 Unused Serialized files (Serialized files now loaded: 0)
System memory in use before: 78.9 MB.
System memory in use after: 79.0 MB.

Unloading 7 unused Assets to reduce memory usage. Loaded Objects now: 1989.
Total: 2.788200 ms (FindLiveObjects: 0.262100 ms CreateObjectMapping: 0.800700 ms MarkObjects: 1.657600 ms  DeleteObjects: 0.066500 ms)

========================================================================
Received Prepare
Registering precompiled user dll's ...
Registered in 0.001022 seconds.
Begin MonoManager ReloadAssembly
Native extension for WindowsStandalone target not found
Native extension for OSXStandalone target not found
Refreshing native plugins compatible for Editor in 0.34 ms, found 0 plugins.
Preloading 0 native plugins for Editor in 0.00 ms.
Invoked RoslynAnalysisRunner static constructor.
RoslynAnalysisRunner will not be running.
RoslynAnalysisRunner has terminated.
Mono: successfully reloaded assembly
- Completed reload, in  0.855 seconds
Platform modules already initialized, skipping
Refreshing native plugins compatible for Editor in 0.35 ms, found 0 plugins.
Preloading 0 native plugins for Editor in 0.00 ms.
Unloading 1446 Unused Serialized files (Serialized files now loaded: 0)
System memory in use before: 78.8 MB.
System memory in use after: 78.9 MB.

Unloading 7 unused Assets to reduce memory usage. Loaded Objects now: 1993.
Total: 2.071500 ms (FindLiveObjects: 0.179100 ms CreateObjectMapping: 0.052600 ms MarkObjects: 1.766300 ms  DeleteObjects: 0.072200 ms)

========================================================================
Received Prepare
Registering precompiled user dll's ...
Registered in 0.000850 seconds.
Begin MonoManager ReloadAssembly
Native extension for WindowsStandalone target not found
Native extension for OSXStandalone target not found
Refreshing native plugins compatible for Editor in 0.43 ms, found 0 plugins.
Preloading 0 native plugins for Editor in 0.00 ms.
Invoked RoslynAnalysisRunner static constructor.
RoslynAnalysisRunner will not be running.
RoslynAnalysisRunner has terminated.
Mono: successfully reloaded assembly
- Completed reload, in  1.168 seconds
Platform modules already initialized, skipping
Refreshing native plugins compatible for Editor in 0.34 ms, found 0 plugins.
Preloading 0 native plugins for Editor in 0.00 ms.
Unloading 1446 Unused Serialized files (Serialized files now loaded: 0)
System memory in use before: 79.0 MB.
System memory in use after: 79.0 MB.

Unloading 7 unused Assets to reduce memory usage. Loaded Objects now: 1997.
Total: 2.178100 ms (FindLiveObjects: 0.164100 ms CreateObjectMapping: 0.065200 ms MarkObjects: 1.878500 ms  DeleteObjects: 0.068900 ms)

========================================================================
Received Prepare
Registering precompiled user dll's ...
Registered in 0.000868 seconds.
Begin MonoManager ReloadAssembly
Native extension for WindowsStandalone target not found
Native extension for OSXStandalone target not found
Refreshing native plugins compatible for Editor in 0.34 ms, found 0 plugins.
Preloading 0 native plugins for Editor in 0.00 ms.
Invoked RoslynAnalysisRunner static constructor.
RoslynAnalysisRunner will not be running.
RoslynAnalysisRunner has terminated.
Mono: successfully reloaded assembly
- Completed reload, in  0.881 seconds
Platform modules already initialized, skipping
Refreshing native plugins compatible for Editor in 0.35 ms, found 0 plugins.
Preloading 0 native plugins for Editor in 0.00 ms.
Unloading 1446 Unused Serialized files (Serialized files now loaded: 0)
System memory in use before: 79.0 MB.
System memory in use after: 79.0 MB.

Unloading 7 unused Assets to reduce memory usage. Loaded Objects now: 2001.
Total: 3.732600 ms (FindLiveObjects: 0.246700 ms CreateObjectMapping: 0.101000 ms MarkObjects: 3.283500 ms  DeleteObjects: 0.099700 ms)

========================================================================
Received Prepare
Registering precompiled user dll's ...
Registered in 0.000854 seconds.
Begin MonoManager ReloadAssembly
Native extension for WindowsStandalone target not found
Native extension for OSXStandalone target not found
Refreshing native plugins compatible for Editor in 0.38 ms, found 0 plugins.
Preloading 0 native plugins for Editor in 0.00 ms.
Invoked RoslynAnalysisRunner static constructor.
RoslynAnalysisRunner will not be running.
RoslynAnalysisRunner has terminated.
Mono: successfully reloaded assembly
- Completed reload, in  1.271 seconds
Platform modules already initialized, skipping
Refreshing native plugins compatible for Editor in 0.38 ms, found 0 plugins.
Preloading 0 native plugins for Editor in 0.00 ms.
Unloading 1446 Unused Serialized files (Serialized files now loaded: 0)
System memory in use before: 79.0 MB.
System memory in use after: 79.0 MB.

Unloading 7 unused Assets to reduce memory usage. Loaded Objects now: 2005.
Total: 3.373100 ms (FindLiveObjects: 0.827900 ms CreateObjectMapping: 0.191700 ms MarkObjects: 2.230400 ms  DeleteObjects: 0.114400 ms)

========================================================================
Received Prepare
Registering precompiled user dll's ...
Registered in 0.001069 seconds.
Begin MonoManager ReloadAssembly
Native extension for WindowsStandalone target not found
Native extension for OSXStandalone target not found
Refreshing native plugins compatible for Editor in 0.73 ms, found 0 plugins.
Preloading 0 native plugins for Editor in 0.00 ms.
Invoked RoslynAnalysisRunner static constructor.
RoslynAnalysisRunner will not be running.
RoslynAnalysisRunner has terminated.
Mono: successfully reloaded assembly
- Completed reload, in  1.262 seconds
Platform modules already initialized, skipping
Refreshing native plugins compatible for Editor in 0.36 ms, found 0 plugins.
Preloading 0 native plugins for Editor in 0.00 ms.
Unloading 1446 Unused Serialized files (Serialized files now loaded: 0)
System memory in use before: 79.0 MB.
System memory in use after: 79.0 MB.

Unloading 7 unused Assets to reduce memory usage. Loaded Objects now: 2009.
Total: 2.159400 ms (FindLiveObjects: 0.286700 ms CreateObjectMapping: 0.111900 ms MarkObjects: 1.687200 ms  DeleteObjects: 0.071900 ms)

========================================================================
Received Prepare
Registering precompiled user dll's ...
Registered in 0.000898 seconds.
Begin MonoManager ReloadAssembly
Native extension for WindowsStandalone target not found
Native extension for OSXStandalone target not found
Refreshing native plugins compatible for Editor in 0.38 ms, found 0 plugins.
Preloading 0 native plugins for Editor in 0.00 ms.
Invoked RoslynAnalysisRunner static constructor.
RoslynAnalysisRunner will not be running.
RoslynAnalysisRunner has terminated.
Mono: successfully reloaded assembly
- Completed reload, in  0.928 seconds
Platform modules already initialized, skipping
Refreshing native plugins compatible for Editor in 0.35 ms, found 0 plugins.
Preloading 0 native plugins for Editor in 0.00 ms.
Unloading 1446 Unused Serialized files (Serialized files now loaded: 0)
System memory in use before: 78.9 MB.
System memory in use after: 79.0 MB.

Unloading 7 unused Assets to reduce memory usage. Loaded Objects now: 2013.
Total: 2.086200 ms (FindLiveObjects: 0.253600 ms CreateObjectMapping: 0.082100 ms MarkObjects: 1.679600 ms  DeleteObjects: 0.069400 ms)

========================================================================
Received Prepare
Registering precompiled user dll's ...
Registered in 0.000765 seconds.
Begin MonoManager ReloadAssembly
Native extension for WindowsStandalone target not found
Native extension for OSXStandalone target not found
Refreshing native plugins compatible for Editor in 0.54 ms, found 0 plugins.
Preloading 0 native plugins for Editor in 0.00 ms.
Invoked RoslynAnalysisRunner static constructor.
RoslynAnalysisRunner will not be running.
RoslynAnalysisRunner has terminated.
Mono: successfully reloaded assembly
- Completed reload, in  0.950 seconds
Platform modules already initialized, skipping
Refreshing native plugins compatible for Editor in 0.36 ms, found 0 plugins.
Preloading 0 native plugins for Editor in 0.00 ms.
Unloading 1446 Unused Serialized files (Serialized files now loaded: 0)
System memory in use before: 79.0 MB.
System memory in use after: 79.1 MB.

Unloading 7 unused Assets to reduce memory usage. Loaded Objects now: 2017.
Total: 2.073700 ms (FindLiveObjects: 0.296000 ms CreateObjectMapping: 0.091900 ms MarkObjects: 1.611900 ms  DeleteObjects: 0.072700 ms)

========================================================================
Received Prepare
Registering precompiled user dll's ...
Registered in 0.000776 seconds.
Begin MonoManager ReloadAssembly
Native extension for WindowsStandalone target not found
Native extension for OSXStandalone target not found
Refreshing native plugins compatible for Editor in 0.35 ms, found 0 plugins.
Preloading 0 native plugins for Editor in 0.00 ms.
Invoked RoslynAnalysisRunner static constructor.
RoslynAnalysisRunner will not be running.
RoslynAnalysisRunner has terminated.
Mono: successfully reloaded assembly
- Completed reload, in  0.937 seconds
Platform modules already initialized, skipping
Refreshing native plugins compatible for Editor in 0.35 ms, found 0 plugins.
Preloading 0 native plugins for Editor in 0.00 ms.
Unloading 1446 Unused Serialized files (Serialized files now loaded: 0)
System memory in use before: 79.0 MB.
System memory in use after: 79.1 MB.

Unloading 7 unused Assets to reduce memory usage. Loaded Objects now: 2021.
Total: 2.784500 ms (FindLiveObjects: 0.332700 ms CreateObjectMapping: 0.166100 ms MarkObjects: 2.205200 ms  DeleteObjects: 0.078400 ms)

========================================================================
Received Import Request.
  Time since last request: 722.207274 seconds.
  path: Assets/LowPolyFishPack1/Prefabs
  artifactKey: Guid(cd14dacae2b50694ea6d26b8995a00e0) Importer(815301076,1909f56bfc062723c751e8b465ee728b)
Start importing Assets/LowPolyFishPack1/Prefabs using Guid(cd14dacae2b50694ea6d26b8995a00e0) Importer(815301076,1909f56bfc062723c751e8b465ee728b)  -> (artifact id: '2da0bd88e04562e47aba091590e9c696') in 0.026731 seconds
  Import took 0.029427 seconds .

========================================================================
Received Import Request.
  Time since last request: 25.401781 seconds.
  path: Assets/LowPolyFishPack1/Objects/fishSturgeon.controller
  artifactKey: Guid(ccd3148432c59c94582ec3796ed3abc6) Importer(815301076,1909f56bfc062723c751e8b465ee728b)
Start importing Assets/LowPolyFishPack1/Objects/fishSturgeon.controller using Guid(ccd3148432c59c94582ec3796ed3abc6) Importer(815301076,1909f56bfc062723c751e8b465ee728b)  -> (artifact id: '1902608fa3d46e663d45a7adc83e2684') in 0.036716 seconds
  Import took 0.039332 seconds .

========================================================================
Received Prepare
Registering precompiled user dll's ...
Registered in 0.000800 seconds.
Begin MonoManager ReloadAssembly
Native extension for WindowsStandalone target not found
Native extension for OSXStandalone target not found
Refreshing native plugins compatible for Editor in 1.05 ms, found 0 plugins.
Preloading 0 native plugins for Editor in 0.00 ms.
Invoked RoslynAnalysisRunner static constructor.
RoslynAnalysisRunner will not be running.
RoslynAnalysisRunner has terminated.
Mono: successfully reloaded assembly
- Completed reload, in  0.944 seconds
Platform modules already initialized, skipping
Refreshing native plugins compatible for Editor in 0.35 ms, found 0 plugins.
Preloading 0 native plugins for Editor in 0.00 ms.
Unloading 1446 Unused Serialized files (Serialized files now loaded: 0)
System memory in use before: 79.0 MB.
System memory in use after: 79.1 MB.

Unloading 7 unused Assets to reduce memory usage. Loaded Objects now: 2025.
Total: 3.032200 ms (FindLiveObjects: 0.412300 ms CreateObjectMapping: 0.169200 ms MarkObjects: 2.362700 ms  DeleteObjects: 0.085700 ms)

========================================================================
Received Prepare
Registering precompiled user dll's ...
Registered in 0.000818 seconds.
Begin MonoManager ReloadAssembly
Native extension for WindowsStandalone target not found
Native extension for OSXStandalone target not found
Refreshing native plugins compatible for Editor in 0.42 ms, found 0 plugins.
Preloading 0 native plugins for Editor in 0.00 ms.
Invoked RoslynAnalysisRunner static constructor.
RoslynAnalysisRunner will not be running.
RoslynAnalysisRunner has terminated.
Mono: successfully reloaded assembly
- Completed reload, in  0.966 seconds
Platform modules already initialized, skipping
Refreshing native plugins compatible for Editor in 0.36 ms, found 0 plugins.
Preloading 0 native plugins for Editor in 0.00 ms.
Unloading 1446 Unused Serialized files (Serialized files now loaded: 0)
System memory in use before: 79.0 MB.
System memory in use after: 79.1 MB.

Unloading 7 unused Assets to reduce memory usage. Loaded Objects now: 2029.
Total: 3.117200 ms (FindLiveObjects: 0.489300 ms CreateObjectMapping: 0.107200 ms MarkObjects: 2.450000 ms  DeleteObjects: 0.068900 ms)

========================================================================
Received Prepare
Registering precompiled user dll's ...
Registered in 0.000765 seconds.
Begin MonoManager ReloadAssembly
Native extension for WindowsStandalone target not found
Native extension for OSXStandalone target not found
Refreshing native plugins compatible for Editor in 0.36 ms, found 0 plugins.
Preloading 0 native plugins for Editor in 0.00 ms.
Invoked RoslynAnalysisRunner static constructor.
RoslynAnalysisRunner will not be running.
RoslynAnalysisRunner has terminated.
Mono: successfully reloaded assembly
- Completed reload, in  0.931 seconds
Platform modules already initialized, skipping
Refreshing native plugins compatible for Editor in 0.34 ms, found 0 plugins.
Preloading 0 native plugins for Editor in 0.00 ms.
Unloading 1446 Unused Serialized files (Serialized files now loaded: 0)
System memory in use before: 79.0 MB.
System memory in use after: 79.0 MB.

Unloading 7 unused Assets to reduce memory usage. Loaded Objects now: 2033.
Total: 1.874900 ms (FindLiveObjects: 0.201200 ms CreateObjectMapping: 0.050700 ms MarkObjects: 1.547800 ms  DeleteObjects: 0.073900 ms)

========================================================================
Received Prepare
Registering precompiled user dll's ...
Registered in 0.000893 seconds.
Begin MonoManager ReloadAssembly
Native extension for WindowsStandalone target not found
Native extension for OSXStandalone target not found
Refreshing native plugins compatible for Editor in 0.52 ms, found 0 plugins.
Preloading 0 native plugins for Editor in 0.00 ms.
Invoked RoslynAnalysisRunner static constructor.
RoslynAnalysisRunner will not be running.
RoslynAnalysisRunner has terminated.
Mono: successfully reloaded assembly
- Completed reload, in  1.101 seconds
Platform modules already initialized, skipping
Refreshing native plugins compatible for Editor in 0.44 ms, found 0 plugins.
Preloading 0 native plugins for Editor in 0.00 ms.
Unloading 1446 Unused Serialized files (Serialized files now loaded: 0)
System memory in use before: 79.0 MB.
System memory in use after: 79.1 MB.

Unloading 7 unused Assets to reduce memory usage. Loaded Objects now: 2037.
Total: 2.991000 ms (FindLiveObjects: 0.411400 ms CreateObjectMapping: 0.141000 ms MarkObjects: 2.361800 ms  DeleteObjects: 0.075000 ms)

========================================================================
Received Prepare
Registering precompiled user dll's ...
Registered in 0.000789 seconds.
Begin MonoManager ReloadAssembly
Native extension for WindowsStandalone target not found
Native extension for OSXStandalone target not found
Refreshing native plugins compatible for Editor in 0.35 ms, found 0 plugins.
Preloading 0 native plugins for Editor in 0.00 ms.
Invoked RoslynAnalysisRunner static constructor.
RoslynAnalysisRunner will not be running.
RoslynAnalysisRunner has terminated.
Mono: successfully reloaded assembly
- Completed reload, in  1.010 seconds
Platform modules already initialized, skipping
Refreshing native plugins compatible for Editor in 0.35 ms, found 0 plugins.
Preloading 0 native plugins for Editor in 0.00 ms.
Unloading 1446 Unused Serialized files (Serialized files now loaded: 0)
System memory in use before: 79.0 MB.
System memory in use after: 79.1 MB.

Unloading 7 unused Assets to reduce memory usage. Loaded Objects now: 2041.
Total: 1.732700 ms (FindLiveObjects: 0.162700 ms CreateObjectMapping: 0.050600 ms MarkObjects: 1.453300 ms  DeleteObjects: 0.065200 ms)

========================================================================
Received Prepare
Registering precompiled user dll's ...
Registered in 0.000759 seconds.
Begin MonoManager ReloadAssembly
Native extension for WindowsStandalone target not found
Native extension for OSXStandalone target not found
Refreshing native plugins compatible for Editor in 0.36 ms, found 0 plugins.
Preloading 0 native plugins for Editor in 0.00 ms.
Invoked RoslynAnalysisRunner static constructor.
RoslynAnalysisRunner will not be running.
RoslynAnalysisRunner has terminated.
Mono: successfully reloaded assembly
- Completed reload, in  0.924 seconds
Platform modules already initialized, skipping
Refreshing native plugins compatible for Editor in 0.70 ms, found 0 plugins.
Preloading 0 native plugins for Editor in 0.00 ms.
Unloading 1446 Unused Serialized files (Serialized files now loaded: 0)
System memory in use before: 79.1 MB.
System memory in use after: 79.1 MB.

Unloading 7 unused Assets to reduce memory usage. Loaded Objects now: 2045.
Total: 2.555800 ms (FindLiveObjects: 0.457600 ms CreateObjectMapping: 0.093900 ms MarkObjects: 1.913400 ms  DeleteObjects: 0.088500 ms)

========================================================================
Received Prepare
Registering precompiled user dll's ...
Registered in 0.000790 seconds.
Begin MonoManager ReloadAssembly
Native extension for WindowsStandalone target not found
Native extension for OSXStandalone target not found
Refreshing native plugins compatible for Editor in 0.35 ms, found 0 plugins.
Preloading 0 native plugins for Editor in 0.00 ms.
Invoked RoslynAnalysisRunner static constructor.
RoslynAnalysisRunner will not be running.
RoslynAnalysisRunner has terminated.
Mono: successfully reloaded assembly
- Completed reload, in  0.955 seconds
Platform modules already initialized, skipping
Refreshing native plugins compatible for Editor in 0.34 ms, found 0 plugins.
Preloading 0 native plugins for Editor in 0.00 ms.
Unloading 1446 Unused Serialized files (Serialized files now loaded: 0)
System memory in use before: 79.1 MB.
System memory in use after: 79.1 MB.

Unloading 7 unused Assets to reduce memory usage. Loaded Objects now: 2049.
Total: 2.656000 ms (FindLiveObjects: 0.290500 ms CreateObjectMapping: 0.791800 ms MarkObjects: 1.506700 ms  DeleteObjects: 0.065600 ms)

========================================================================
Received Prepare
Registering precompiled user dll's ...
Registered in 0.000812 seconds.
Begin MonoManager ReloadAssembly
Native extension for WindowsStandalone target not found
Native extension for OSXStandalone target not found
Refreshing native plugins compatible for Editor in 0.35 ms, found 0 plugins.
Preloading 0 native plugins for Editor in 0.00 ms.
Invoked RoslynAnalysisRunner static constructor.
RoslynAnalysisRunner will not be running.
RoslynAnalysisRunner has terminated.
Mono: successfully reloaded assembly
- Completed reload, in  0.952 seconds
Platform modules already initialized, skipping
Refreshing native plugins compatible for Editor in 0.34 ms, found 0 plugins.
Preloading 0 native plugins for Editor in 0.00 ms.
Unloading 1446 Unused Serialized files (Serialized files now loaded: 0)
System memory in use before: 79.0 MB.
System memory in use after: 79.1 MB.

Unloading 7 unused Assets to reduce memory usage. Loaded Objects now: 2053.
Total: 3.416600 ms (FindLiveObjects: 1.137700 ms CreateObjectMapping: 0.321200 ms MarkObjects: 1.860500 ms  DeleteObjects: 0.094600 ms)

========================================================================
Received Import Request.
  Time since last request: 1071.018227 seconds.
  path: Assets/Scenes/GPS.unity
  artifactKey: Guid(a78cdb5fa5f168143baffff100544237) Importer(815301076,1909f56bfc062723c751e8b465ee728b)
Start importing Assets/Scenes/GPS.unity using Guid(a78cdb5fa5f168143baffff100544237) Importer(815301076,1909f56bfc062723c751e8b465ee728b)  -> (artifact id: 'fd566e76a80e324ca802894d25a1b47b') in 0.014771 seconds
  Import took 0.017670 seconds .

========================================================================
Received Prepare
Registering precompiled user dll's ...
Registered in 0.000783 seconds.
Begin MonoManager ReloadAssembly
Native extension for WindowsStandalone target not found
Native extension for OSXStandalone target not found
Refreshing native plugins compatible for Editor in 0.36 ms, found 0 plugins.
Preloading 0 native plugins for Editor in 0.00 ms.
Invoked RoslynAnalysisRunner static constructor.
RoslynAnalysisRunner will not be running.
RoslynAnalysisRunner has terminated.
Mono: successfully reloaded assembly
- Completed reload, in  0.993 seconds
Platform modules already initialized, skipping
Refreshing native plugins compatible for Editor in 0.36 ms, found 0 plugins.
Preloading 0 native plugins for Editor in 0.00 ms.
Unloading 1446 Unused Serialized files (Serialized files now loaded: 0)
System memory in use before: 79.1 MB.
System memory in use after: 79.1 MB.

Unloading 7 unused Assets to reduce memory usage. Loaded Objects now: 2057.
Total: 2.749400 ms (FindLiveObjects: 0.953300 ms CreateObjectMapping: 0.125400 ms MarkObjects: 1.604400 ms  DeleteObjects: 0.065000 ms)

========================================================================
Received Prepare
Registering precompiled user dll's ...
Registered in 0.000779 seconds.
Begin MonoManager ReloadAssembly
Native extension for WindowsStandalone target not found
Native extension for OSXStandalone target not found
Refreshing native plugins compatible for Editor in 0.66 ms, found 0 plugins.
Preloading 0 native plugins for Editor in 0.00 ms.
Invoked RoslynAnalysisRunner static constructor.
RoslynAnalysisRunner will not be running.
RoslynAnalysisRunner has terminated.
Mono: successfully reloaded assembly
- Completed reload, in  0.965 seconds
Platform modules already initialized, skipping
Refreshing native plugins compatible for Editor in 0.34 ms, found 0 plugins.
Preloading 0 native plugins for Editor in 0.00 ms.
Unloading 1446 Unused Serialized files (Serialized files now loaded: 0)
System memory in use before: 79.1 MB.
System memory in use after: 79.2 MB.

Unloading 6 unused Assets to reduce memory usage. Loaded Objects now: 2062.
Total: 1.946600 ms (FindLiveObjects: 0.172700 ms CreateObjectMapping: 0.116300 ms MarkObjects: 1.591000 ms  DeleteObjects: 0.065600 ms)

========================================================================
Received Prepare
Refreshing native plugins compatible for Editor in 0.96 ms, found 0 plugins.
Preloading 0 native plugins for Editor in 0.00 ms.
Unloading 6 Unused Serialized files (Serialized files now loaded: 0)
System memory in use before: 50.2 MB.
System memory in use after: 50.3 MB.

Unloading 3 unused Assets to reduce memory usage. Loaded Objects now: 2062.
Total: 8.075100 ms (FindLiveObjects: 3.458600 ms CreateObjectMapping: 0.304200 ms MarkObjects: 4.247200 ms  DeleteObjects: 0.062900 ms)

========================================================================
Received Import Request.
  Time since last request: 325.674127 seconds.
  path: Assets/Scenes/Menu.unity
  artifactKey: Guid(770014b0a4c383c4e88591a09c816e15) Importer(815301076,1909f56bfc062723c751e8b465ee728b)
Start importing Assets/Scenes/Menu.unity using Guid(770014b0a4c383c4e88591a09c816e15) Importer(815301076,1909f56bfc062723c751e8b465ee728b)  -> (artifact id: '57f5c98a1cf596f196dd97055ba6e671') in 0.016850 seconds
  Import took 0.019890 seconds .

AssetImportWorkerClient::OnTransportError - code=2 error=End of file
